\BOOKMARK [1][-]{section.1}{\376\377\000\111\000\156\000\164\000\162\000\157\000\144\000\165\000\143\000\164\000\151\000\157\000\156}{}% 1
\BOOKMARK [2][-]{subsection.1.1}{\376\377\000\103\000\150\000\141\000\154\000\154\000\145\000\156\000\147\000\145\000\163\000\040\000\141\000\156\000\144\000\040\000\120\000\162\000\157\000\142\000\154\000\145\000\155\000\163}{section.1}% 2
\BOOKMARK [2][-]{subsection.1.2}{\376\377\000\115\000\141\000\151\000\156\000\040\000\103\000\157\000\156\000\164\000\162\000\151\000\142\000\165\000\164\000\151\000\157\000\156\000\163}{section.1}% 3
\BOOKMARK [2][-]{subsection.1.3}{\376\377\000\117\000\162\000\147\000\141\000\156\000\151\000\172\000\141\000\164\000\151\000\157\000\156}{section.1}% 4
\BOOKMARK [1][-]{section.2}{\376\377\000\122\000\145\000\154\000\141\000\164\000\145\000\144\000\040\000\127\000\157\000\162\000\153}{}% 5
\BOOKMARK [1][-]{section.3}{\376\377\000\103\000\141\000\163\000\145\000\040\000\123\000\164\000\165\000\144\000\171\000\040\000\120\000\162\000\157\000\143\000\145\000\163\000\163\000\040\000\104\000\145\000\163\000\151\000\147\000\156}{}% 6
\BOOKMARK [2][-]{subsection.3.1}{\376\377\000\115\000\165\000\154\000\164\000\151\000\166\000\151\000\145\000\167\000\040\000\142\000\141\000\163\000\145\000\144\000\040\000\164\000\162\000\141\000\143\000\145\000\040\000\141\000\156\000\141\000\154\000\171\000\163\000\151\000\163\000\040\000\146\000\162\000\141\000\155\000\145\000\167\000\157\000\162\000\153\000\040}{section.3}% 7
\BOOKMARK [2][-]{subsection.3.2}{\376\377\000\115\000\165\000\154\000\164\000\151\000\166\000\151\000\145\000\167\000\040\000\142\000\141\000\163\000\145\000\144\000\040\000\164\000\162\000\141\000\143\000\145\000\040\000\141\000\156\000\141\000\154\000\171\000\163\000\151\000\163\000\040\000\120\000\162\000\157\000\143\000\145\000\163\000\163\000\040}{section.3}% 8
\BOOKMARK [1][-]{section.4}{\376\377\000\103\000\141\000\163\000\145\000\040\000\123\000\164\000\165\000\144\000\171\000\040\000\106\000\151\000\156\000\144\000\151\000\156\000\147\000\163\000\040\000\141\000\156\000\144\000\040\000\122\000\145\000\163\000\165\000\154\000\164\000\163\000\040\000\101\000\156\000\141\000\154\000\171\000\163\000\151\000\163}{}% 9
\BOOKMARK [2][-]{subsection.4.1}{\376\377\000\107\000\154\000\157\000\142\000\141\000\154\000\040\000\166\000\151\000\145\000\167\000\040\000\142\000\141\000\163\000\145\000\144\000\040\000\144\000\141\000\164\000\141\000\040\000\164\000\141\000\142\000\154\000\145\000\163\000\040\000\143\000\154\000\141\000\163\000\163\000\151\000\146\000\151\000\143\000\141\000\164\000\151\000\157\000\156}{section.4}% 10
\BOOKMARK [2][-]{subsection.4.2}{\376\377\000\101\000\156\000\141\000\154\000\171\000\163\000\151\000\163\000\040\000\157\000\146\000\040\000\164\000\150\000\145\000\040\000\155\000\141\000\143\000\150\000\151\000\156\000\145}{section.4}% 11
\BOOKMARK [3][-]{subsubsection.4.2.1}{\376\377\000\115\000\141\000\143\000\150\000\151\000\156\000\145\000\040\000\143\000\157\000\156\000\146\000\151\000\147\000\165\000\162\000\141\000\164\000\151\000\157\000\156\000\040\000\141\000\156\000\141\000\154\000\171\000\163\000\151\000\163}{subsection.4.2}% 12
\BOOKMARK [3][-]{subsubsection.4.2.2}{\376\377\000\115\000\141\000\143\000\150\000\151\000\156\000\145\000\040\000\145\000\166\000\145\000\156\000\164\000\163}{subsection.4.2}% 13
\BOOKMARK [2][-]{subsection.4.3}{\376\377\000\112\000\157\000\142\000\163\000\040\000\141\000\156\000\144\000\040\000\164\000\141\000\163\000\153\000\163\000\040\000\143\000\150\000\141\000\162\000\141\000\143\000\164\000\145\000\162\000\151\000\163\000\164\000\151\000\143\000\040\000\141\000\156\000\141\000\154\000\171\000\163\000\151\000\163}{section.4}% 14
\BOOKMARK [3][-]{subsubsection.4.3.1}{\376\377\000\124\000\150\000\145\000\040\000\154\000\141\000\162\000\147\000\145\000\040\000\141\000\156\000\144\000\040\000\163\000\155\000\141\000\154\000\154\000\040\000\152\000\157\000\142\000\163\000\040\000\151\000\144\000\145\000\156\000\164\000\151\000\146\000\151\000\143\000\141\000\164\000\151\000\157\000\156\000\040\000\151\000\156\000\040\000\164\000\145\000\162\000\155\000\163\000\040\000\157\000\146\000\040\000\151\000\164\000\163\000\040\000\164\000\141\000\163\000\153\000\163}{subsection.4.3}% 15
\BOOKMARK [3][-]{algorithm.1}{\376\377\000\122\000\145\000\163\000\157\000\165\000\162\000\143\000\145\000\040\000\162\000\145\000\161\000\165\000\145\000\163\000\164\000\163}{subsection.4.3}% 16
\BOOKMARK [2][-]{subsection.4.4}{\376\377\000\124\000\141\000\163\000\153\000\040\000\145\000\170\000\145\000\143\000\165\000\164\000\151\000\157\000\156\000\040\000\141\000\156\000\141\000\154\000\171\000\163\000\151\000\163}{section.4}% 17
\BOOKMARK [3][-]{subsubsection.4.4.1}{\376\377\000\104\000\141\000\151\000\154\000\171\000\040\000\160\000\141\000\164\000\164\000\145\000\162\000\156\000\163\000\040\000\157\000\146\000\040\000\167\000\157\000\162\000\153\000\154\000\157\000\141\000\144\000\163}{subsection.4.4}% 18
\BOOKMARK [3][-]{subsubsection.4.4.2}{\376\377\000\124\000\141\000\163\000\153\000\040\000\146\000\141\000\151\000\154\000\165\000\162\000\145\000\040\000\162\000\141\000\164\000\145\000\040\000\141\000\156\000\144\000\040\000\164\000\141\000\163\000\153\000\040\000\163\000\165\000\142\000\155\000\151\000\163\000\163\000\151\000\157\000\156\000\040\000\164\000\162\000\145\000\156\000\144}{subsection.4.4}% 19
\BOOKMARK [3][-]{subsubsection.4.4.3}{\376\377\000\127\000\141\000\163\000\164\000\145\000\040\000\157\000\146\000\040\000\107\000\157\000\157\000\147\000\154\000\145\000\040\000\164\000\162\000\141\000\143\000\145\000\040\000\162\000\145\000\163\000\157\000\165\000\162\000\143\000\145\000\163}{subsection.4.4}% 20
\BOOKMARK [1][-]{section.5}{\376\377\000\103\000\157\000\156\000\143\000\154\000\165\000\163\000\151\000\157\000\156}{}% 21
\BOOKMARK [1][-]{section*.13}{\376\377\000\122\000\145\000\146\000\145\000\162\000\145\000\156\000\143\000\145\000\163}{}% 22
